TN:
SF:src\getCityInput.js
FN:1,_callee
FN:1,_callee$
FNF:2
FNH:2
FNDA:1,_callee
FNDA:4,_callee$
DA:1,1
DA:2,0
DA:3,0
DA:4,0
DA:5,0
DA:6,0
DA:7,0
DA:8,0
DA:9,0
DA:10,0
DA:11,0
DA:12,0
DA:13,0
DA:14,1
DA:15,1
DA:16,1
LF:16
LH:4
BRDA:1,0,0,1
BRDA:1,1,0,4
BRDA:1,2,0,1
BRDA:1,3,0,1
BRDA:1,4,0,0
BRDA:1,5,0,1
BRDA:1,6,0,0
BRDA:1,7,0,0
BRDA:1,8,0,0
BRDA:1,9,0,1
BRF:10
BRH:6
end_of_record
TN:
SF:src\getCityWeather.js
FN:1,_callee
FN:1,_callee$
FNF:2
FNH:2
FNDA:1,_callee
FNDA:4,_callee$
DA:1,1
DA:2,0
DA:3,0
DA:4,0
DA:5,0
DA:6,0
DA:7,0
DA:8,0
DA:9,0
DA:10,0
DA:11,0
DA:12,0
DA:13,0
DA:14,1
DA:15,1
DA:16,1
LF:16
LH:4
BRDA:1,0,0,1
BRDA:1,1,0,4
BRDA:1,2,0,1
BRDA:1,3,0,1
BRDA:1,4,0,0
BRDA:1,5,0,1
BRDA:1,6,0,0
BRDA:1,7,0,0
BRDA:1,8,0,0
BRDA:1,9,0,1
BRF:10
BRH:6
end_of_record
TN:
SF:src\getIpData.js
FN:1,_callee
FN:1,_callee$
FNF:2
FNH:2
FNDA:1,_callee
FNDA:4,_callee$
DA:1,1
DA:2,0
DA:3,0
DA:4,0
DA:5,0
DA:6,0
DA:7,0
DA:8,0
DA:9,0
DA:10,1
DA:11,1
DA:12,1
LF:12
LH:4
BRDA:1,0,0,1
BRDA:1,1,0,4
BRDA:1,2,0,1
BRDA:1,3,0,1
BRDA:1,4,0,0
BRDA:1,5,0,1
BRDA:1,6,0,0
BRDA:1,7,0,0
BRDA:1,8,0,0
BRDA:1,9,0,1
BRF:10
BRH:6
end_of_record
TN:
SF:src\storage.js
FN:1,readStorage
FN:6,saveStorage
FN:22,showStorage
FNF:3
FNH:2
FNDA:18,readStorage
FNDA:16,saveStorage
FNDA:0,showStorage
DA:1,1
DA:2,18
DA:3,18
DA:4,18
DA:5,1
DA:6,1
DA:7,16
DA:8,16
DA:9,16
DA:10,1
DA:11,1
DA:12,1
DA:13,15
DA:14,16
DA:15,5
DA:16,5
DA:17,15
DA:18,15
DA:19,15
DA:20,15
DA:21,1
DA:22,1
DA:23,0
DA:24,0
DA:25,0
DA:26,0
LF:26
LH:22
BRDA:1,0,0,18
BRDA:3,1,0,1
BRDA:6,2,0,16
BRDA:9,3,0,1
BRDA:13,4,0,15
BRDA:14,5,0,5
BRDA:17,6,0,15
BRF:7
BRH:7
end_of_record
